<?xml version="1.0" encoding="UTF-8"?>
<!-- Generated by org.testng.reporters.JUnitReportReporter -->
<testsuite hostname="LAPTOP-9J7G2HQJ" failures="0" tests="2" name="testNgClasses.Practice" time="0.019" errors="0" timestamp="2024-04-16T20:35:55 IST" skipped="0">
  <testcase classname="testNgClasses.Practice" name="test2" time="0.012"/>
  <system-out/>
  <testcase classname="testNgClasses.Practice" name="test1" time="0.007"/>
  <system-out/>
</testsuite> <!-- testNgClasses.Practice -->
