<?xml version="1.0" encoding="UTF-8"?>
<!-- Generated by org.testng.reporters.JUnitReportReporter -->
<testsuite hostname="LAPTOP-9J7G2HQJ" failures="0" tests="2" name="testNgClasses.VerifyAllElementsOnHomePage" time="9.294" errors="0" timestamp="2024-04-16T22:56:18 IST" skipped="0">
  <testcase classname="testNgClasses.VerifyAllElementsOnHomePage" name="verifyPasswordShouldBeChangedSucccessfully" time="2.576"/>
  <system-out/>
  <testcase classname="testNgClasses.VerifyAllElementsOnHomePage" name="verifyErrorMessageWhenForgotFunctionalityIsUsed" time="6.718"/>
  <system-out/>
</testsuite> <!-- testNgClasses.VerifyAllElementsOnHomePage -->
