<?xml version="1.0" encoding="UTF-8"?>
<!-- Generated by org.testng.reporters.JUnitReportReporter -->
<testsuite hostname="DESKTOP-LPI5ATJ" failures="0" tests="4" name="testNgClasses.verifyForgotPasswordFunctonality" time="14.762" errors="0" timestamp="2024-04-29T21:01:53 IST" skipped="0">
  <testcase classname="testNgClasses.verifyForgotPasswordFunctonality" name="verifyPasswordShouldBeChangedSucccessfully" time="1.809"/>
  <system-out/>
  <testcase classname="testNgClasses.verifyForgotPasswordFunctonality" name="verifyPasswordShouldBeChangedSucccessfully" time="4.963"/>
  <system-out/>
  <testcase classname="testNgClasses.verifyForgotPasswordFunctonality" name="verifyErrorMessageWhenForgotFunctionalityIsUsed" time="4.208"/>
  <system-out/>
  <testcase classname="testNgClasses.verifyForgotPasswordFunctonality" name="verifyErrorMessageWhenForgotFunctionalityIsUsed" time="3.782"/>
  <system-out/>
</testsuite> <!-- testNgClasses.verifyForgotPasswordFunctonality -->
